Using CPU...
Reading raw data=./data/data.txt
Skipping counts per file (already exist)
Skip existing ./data/data_day_0.npz
Skip existing ./data/data_day_1.npz
Skip existing ./data/data_day_2.npz
Skip existing ./data/data_day_3.npz
Skip existing ./data/data_day_4.npz
Skip existing ./data/data_day_5.npz
Skip existing ./data/data_day_6.npz
Total number of samples: 45840617
Divided into days/splits:
 [6548660, 6548660, 6548660, 6548660, 6548659, 6548659, 6548659]
Using existing ./data/data_day_0_processed.npzUsing existing ./data/data_day_1_processed.npzUsing existing ./data/data_day_2_processed.npzUsing existing ./data/data_day_3_processed.npzUsing existing ./data/data_day_4_processed.npzUsing existing ./data/data_day_5_processed.npzUsing existing ./data/data_day_6_processed.npz
Concatenating multiple days into ./data/kaggleAdDisplayChallenge_processed.npz file
Loaded day: 0 y = 1: 1627580 y = 0: 4921080
Loaded day: 1 y = 1: 3308373 y = 0: 9788947
Loaded day: 2 y = 1: 4978779 y = 0: 14667201
Loaded day: 3 y = 1: 6638644 y = 0: 19555996
Loaded day: 4 y = 1: 8362163 y = 0: 24381136
Loaded day: 5 y = 1: 10044816 y = 0: 29247142
Loaded day: 6 y = 1: 11745438 y = 0: 34095179
Loaded counts!
Sparse fea = 26, Dense fea = 13
Defined train indices...
Randomized indices across days ...
Split data according to indices...
Reading raw data=./data/data.txt
Skipping counts per file (already exist)
Skip existing ./data/data_day_0.npz
Skip existing ./data/data_day_1.npz
Skip existing ./data/data_day_2.npz
Skip existing ./data/data_day_3.npz
Skip existing ./data/data_day_4.npz
Skip existing ./data/data_day_5.npz
Skip existing ./data/data_day_6.npz
Total number of samples: 45840617
Divided into days/splits:
 [6548660, 6548660, 6548660, 6548660, 6548659, 6548659, 6548659]
Using existing ./data/data_day_0_processed.npzUsing existing ./data/data_day_1_processed.npzUsing existing ./data/data_day_2_processed.npzUsing existing ./data/data_day_3_processed.npzUsing existing ./data/data_day_4_processed.npzUsing existing ./data/data_day_5_processed.npzUsing existing ./data/data_day_6_processed.npz
Concatenating multiple days into ./data/kaggleAdDisplayChallenge_processed.npz file
Loaded day: 0 y = 1: 1627580 y = 0: 4921080
Loaded day: 1 y = 1: 3308373 y = 0: 9788947
Loaded day: 2 y = 1: 4978779 y = 0: 14667201
Loaded day: 3 y = 1: 6638644 y = 0: 19555996
Loaded day: 4 y = 1: 8362163 y = 0: 24381136
Loaded day: 5 y = 1: 10044816 y = 0: 29247142
Loaded day: 6 y = 1: 11745438 y = 0: 34095179
Loaded counts!
Sparse fea = 26, Dense fea = 13
Defined test indices...
Randomized indices across days ...
Split data according to indices...
time/loss/accuracy (if enabled):
Finished training it 1024/306969 of epoch 0, 49.09 ms/it, loss 0.518712, accuracy 75.578 %
Finished training it 2048/306969 of epoch 0, 48.84 ms/it, loss 0.504135, accuracy 76.319 %
Finished training it 3072/306969 of epoch 0, 48.87 ms/it, loss 0.498089, accuracy 76.550 %
Finished training it 4096/306969 of epoch 0, 48.72 ms/it, loss 0.487165, accuracy 77.472 %
Finished training it 5120/306969 of epoch 0, 48.51 ms/it, loss 0.486379, accuracy 77.256 %
Finished training it 6144/306969 of epoch 0, 48.95 ms/it, loss 0.481409, accuracy 77.534 %
Finished training it 7168/306969 of epoch 0, 48.92 ms/it, loss 0.476950, accuracy 77.815 %
Finished training it 8192/306969 of epoch 0, 49.27 ms/it, loss 0.476523, accuracy 77.802 %
Finished training it 9216/306969 of epoch 0, 48.93 ms/it, loss 0.474042, accuracy 77.934 %
Finished training it 10240/306969 of epoch 0, 48.99 ms/it, loss 0.471798, accuracy 77.855 %
Finished training it 11264/306969 of epoch 0, 49.35 ms/it, loss 0.470349, accuracy 78.068 %
Finished training it 12288/306969 of epoch 0, 49.21 ms/it, loss 0.466202, accuracy 78.413 %
Finished training it 13312/306969 of epoch 0, 49.38 ms/it, loss 0.471934, accuracy 78.007 %
Finished training it 14336/306969 of epoch 0, 47.81 ms/it, loss 0.468432, accuracy 78.158 %
Finished training it 15360/306969 of epoch 0, 47.97 ms/it, loss 0.466340, accuracy 78.218 %
Finished training it 16384/306969 of epoch 0, 48.38 ms/it, loss 0.466541, accuracy 78.265 %
Finished training it 17408/306969 of epoch 0, 48.08 ms/it, loss 0.465141, accuracy 78.276 %
Finished training it 18432/306969 of epoch 0, 48.26 ms/it, loss 0.466971, accuracy 78.281 %
Finished training it 19456/306969 of epoch 0, 47.70 ms/it, loss 0.465283, accuracy 78.363 %
Finished training it 20480/306969 of epoch 0, 48.09 ms/it, loss 0.465117, accuracy 78.353 %
Finished training it 21504/306969 of epoch 0, 47.96 ms/it, loss 0.465513, accuracy 78.304 %
Finished training it 22528/306969 of epoch 0, 48.06 ms/it, loss 0.464058, accuracy 78.268 %
Finished training it 23552/306969 of epoch 0, 48.33 ms/it, loss 0.466898, accuracy 78.275 %
Finished training it 24576/306969 of epoch 0, 47.97 ms/it, loss 0.462178, accuracy 78.476 %
Finished training it 25600/306969 of epoch 0, 48.03 ms/it, loss 0.461006, accuracy 78.527 %
Finished training it 26624/306969 of epoch 0, 48.78 ms/it, loss 0.461780, accuracy 78.600 %
Finished training it 27648/306969 of epoch 0, 48.74 ms/it, loss 0.459742, accuracy 78.619 %
Finished training it 28672/306969 of epoch 0, 48.93 ms/it, loss 0.462197, accuracy 78.455 %
Finished training it 29696/306969 of epoch 0, 48.71 ms/it, loss 0.463533, accuracy 78.299 %
Finished training it 30720/306969 of epoch 0, 49.11 ms/it, loss 0.462006, accuracy 78.532 %
Finished training it 31744/306969 of epoch 0, 48.49 ms/it, loss 0.463002, accuracy 78.391 %
Finished training it 32768/306969 of epoch 0, 48.78 ms/it, loss 0.462291, accuracy 78.389 %
Finished training it 33792/306969 of epoch 0, 49.52 ms/it, loss 0.459949, accuracy 78.575 %
Finished training it 34816/306969 of epoch 0, 49.32 ms/it, loss 0.458397, accuracy 78.643 %
Finished training it 35840/306969 of epoch 0, 48.78 ms/it, loss 0.462814, accuracy 78.475 %
Finished training it 36864/306969 of epoch 0, 49.36 ms/it, loss 0.459485, accuracy 78.678 %
Finished training it 37888/306969 of epoch 0, 49.22 ms/it, loss 0.458443, accuracy 78.686 %
Finished training it 38912/306969 of epoch 0, 48.56 ms/it, loss 0.461384, accuracy 78.481 %
Finished training it 39936/306969 of epoch 0, 49.03 ms/it, loss 0.459909, accuracy 78.605 %
Finished training it 40960/306969 of epoch 0, 50.01 ms/it, loss 0.459259, accuracy 78.617 %
Finished training it 41984/306969 of epoch 0, 49.26 ms/it, loss 0.458952, accuracy 78.690 %
Finished training it 43008/306969 of epoch 0, 49.71 ms/it, loss 0.458425, accuracy 78.631 %
Finished training it 44032/306969 of epoch 0, 48.91 ms/it, loss 0.459587, accuracy 78.534 %
Finished training it 45056/306969 of epoch 0, 49.62 ms/it, loss 0.460176, accuracy 78.560 %
Finished training it 46080/306969 of epoch 0, 48.65 ms/it, loss 0.458584, accuracy 78.707 %
Finished training it 47104/306969 of epoch 0, 48.74 ms/it, loss 0.460910, accuracy 78.497 %
Finished training it 48128/306969 of epoch 0, 49.16 ms/it, loss 0.459650, accuracy 78.535 %
Finished training it 49152/306969 of epoch 0, 49.12 ms/it, loss 0.455855, accuracy 78.830 %
Finished training it 50176/306969 of epoch 0, 48.97 ms/it, loss 0.457765, accuracy 78.675 %
Finished training it 51200/306969 of epoch 0, 49.18 ms/it, loss 0.459223, accuracy 78.665 %
Finished training it 52224/306969 of epoch 0, 49.52 ms/it, loss 0.459725, accuracy 78.588 %
Finished training it 53248/306969 of epoch 0, 49.61 ms/it, loss 0.458542, accuracy 78.839 %
Finished training it 54272/306969 of epoch 0, 48.84 ms/it, loss 0.458461, accuracy 78.614 %
Finished training it 55296/306969 of epoch 0, 48.73 ms/it, loss 0.458024, accuracy 78.674 %
Finished training it 56320/306969 of epoch 0, 49.00 ms/it, loss 0.457192, accuracy 78.667 %
Finished training it 57344/306969 of epoch 0, 48.71 ms/it, loss 0.455198, accuracy 78.738 %
Finished training it 58368/306969 of epoch 0, 48.73 ms/it, loss 0.455132, accuracy 78.883 %
Finished training it 59392/306969 of epoch 0, 49.12 ms/it, loss 0.456923, accuracy 78.713 %
Finished training it 60416/306969 of epoch 0, 48.92 ms/it, loss 0.456883, accuracy 78.773 %
Finished training it 61440/306969 of epoch 0, 49.43 ms/it, loss 0.459135, accuracy 78.587 %
Finished training it 62464/306969 of epoch 0, 49.46 ms/it, loss 0.456947, accuracy 78.777 %
Finished training it 63488/306969 of epoch 0, 49.54 ms/it, loss 0.456433, accuracy 78.676 %
Finished training it 64512/306969 of epoch 0, 49.19 ms/it, loss 0.458556, accuracy 78.612 %
Finished training it 65536/306969 of epoch 0, 49.75 ms/it, loss 0.459740, accuracy 78.540 %
Finished training it 66560/306969 of epoch 0, 50.32 ms/it, loss 0.456776, accuracy 78.839 %
Finished training it 67584/306969 of epoch 0, 49.24 ms/it, loss 0.454891, accuracy 78.835 %
Finished training it 68608/306969 of epoch 0, 49.20 ms/it, loss 0.456212, accuracy 78.854 %
Finished training it 69632/306969 of epoch 0, 49.84 ms/it, loss 0.456186, accuracy 78.707 %
Finished training it 70656/306969 of epoch 0, 48.51 ms/it, loss 0.455709, accuracy 78.871 %
Finished training it 71680/306969 of epoch 0, 48.70 ms/it, loss 0.457509, accuracy 78.638 %
Finished training it 72704/306969 of epoch 0, 49.45 ms/it, loss 0.453901, accuracy 78.802 %
Finished training it 73728/306969 of epoch 0, 48.64 ms/it, loss 0.455843, accuracy 78.901 %
Finished training it 74752/306969 of epoch 0, 49.71 ms/it, loss 0.455069, accuracy 78.864 %
Finished training it 75776/306969 of epoch 0, 48.73 ms/it, loss 0.455395, accuracy 78.751 %
Finished training it 76800/306969 of epoch 0, 49.85 ms/it, loss 0.455446, accuracy 78.854 %
Finished training it 77824/306969 of epoch 0, 49.37 ms/it, loss 0.455696, accuracy 78.941 %
Finished training it 78848/306969 of epoch 0, 49.10 ms/it, loss 0.454724, accuracy 78.826 %
Finished training it 79872/306969 of epoch 0, 49.78 ms/it, loss 0.454374, accuracy 78.883 %
Finished training it 80896/306969 of epoch 0, 49.42 ms/it, loss 0.454648, accuracy 78.925 %
Finished training it 81920/306969 of epoch 0, 49.22 ms/it, loss 0.455684, accuracy 78.761 %
Finished training it 82944/306969 of epoch 0, 48.73 ms/it, loss 0.453850, accuracy 78.986 %
Finished training it 83968/306969 of epoch 0, 50.03 ms/it, loss 0.453169, accuracy 78.861 %
Finished training it 84992/306969 of epoch 0, 49.36 ms/it, loss 0.453761, accuracy 78.976 %
Finished training it 86016/306969 of epoch 0, 49.06 ms/it, loss 0.455853, accuracy 78.791 %
Finished training it 87040/306969 of epoch 0, 48.93 ms/it, loss 0.454296, accuracy 78.955 %
Finished training it 88064/306969 of epoch 0, 49.44 ms/it, loss 0.452815, accuracy 78.946 %
Finished training it 89088/306969 of epoch 0, 49.10 ms/it, loss 0.454467, accuracy 78.915 %
Finished training it 90112/306969 of epoch 0, 49.17 ms/it, loss 0.453603, accuracy 78.957 %
Finished training it 91136/306969 of epoch 0, 49.23 ms/it, loss 0.453535, accuracy 78.802 %
Finished training it 92160/306969 of epoch 0, 48.84 ms/it, loss 0.455482, accuracy 78.848 %
Finished training it 93184/306969 of epoch 0, 48.90 ms/it, loss 0.454626, accuracy 78.773 %
Finished training it 94208/306969 of epoch 0, 48.95 ms/it, loss 0.453854, accuracy 78.967 %
Finished training it 95232/306969 of epoch 0, 48.43 ms/it, loss 0.451904, accuracy 78.979 %
Finished training it 96256/306969 of epoch 0, 49.35 ms/it, loss 0.452728, accuracy 78.988 %
Finished training it 97280/306969 of epoch 0, 49.16 ms/it, loss 0.452402, accuracy 79.092 %
Finished training it 98304/306969 of epoch 0, 49.26 ms/it, loss 0.451637, accuracy 78.961 %
Finished training it 99328/306969 of epoch 0, 49.27 ms/it, loss 0.454218, accuracy 78.955 %
Finished training it 100352/306969 of epoch 0, 49.30 ms/it, loss 0.453098, accuracy 78.950 %
Finished training it 101376/306969 of epoch 0, 49.45 ms/it, loss 0.453038, accuracy 78.928 %
Finished training it 102400/306969 of epoch 0, 49.63 ms/it, loss 0.453792, accuracy 78.912 %
Finished training it 103424/306969 of epoch 0, 49.53 ms/it, loss 0.454656, accuracy 78.857 %
Finished training it 104448/306969 of epoch 0, 48.89 ms/it, loss 0.454282, accuracy 78.804 %
Finished training it 105472/306969 of epoch 0, 49.50 ms/it, loss 0.454290, accuracy 78.896 %
Finished training it 106496/306969 of epoch 0, 49.44 ms/it, loss 0.451971, accuracy 78.919 %
Finished training it 107520/306969 of epoch 0, 49.56 ms/it, loss 0.452325, accuracy 79.020 %
Finished training it 108544/306969 of epoch 0, 49.32 ms/it, loss 0.452633, accuracy 78.905 %
Finished training it 109568/306969 of epoch 0, 49.40 ms/it, loss 0.452421, accuracy 78.986 %
Finished training it 110592/306969 of epoch 0, 49.08 ms/it, loss 0.453067, accuracy 78.929 %
Finished training it 111616/306969 of epoch 0, 49.33 ms/it, loss 0.454919, accuracy 78.743 %
Finished training it 112640/306969 of epoch 0, 48.87 ms/it, loss 0.454566, accuracy 78.909 %
Finished training it 113664/306969 of epoch 0, 49.51 ms/it, loss 0.453702, accuracy 78.885 %
Finished training it 114688/306969 of epoch 0, 49.07 ms/it, loss 0.451787, accuracy 78.952 %
Finished training it 115712/306969 of epoch 0, 48.96 ms/it, loss 0.451297, accuracy 78.978 %
Finished training it 116736/306969 of epoch 0, 48.64 ms/it, loss 0.453579, accuracy 78.963 %
Finished training it 117760/306969 of epoch 0, 49.15 ms/it, loss 0.450841, accuracy 79.104 %
Finished training it 118784/306969 of epoch 0, 48.29 ms/it, loss 0.453095, accuracy 78.848 %
Finished training it 119808/306969 of epoch 0, 49.21 ms/it, loss 0.454905, accuracy 78.757 %
Finished training it 120832/306969 of epoch 0, 49.19 ms/it, loss 0.449771, accuracy 79.108 %
Finished training it 121856/306969 of epoch 0, 49.10 ms/it, loss 0.451837, accuracy 79.062 %
Finished training it 122880/306969 of epoch 0, 48.94 ms/it, loss 0.452343, accuracy 78.867 %
Finished training it 123904/306969 of epoch 0, 48.26 ms/it, loss 0.455305, accuracy 78.771 %
Finished training it 124928/306969 of epoch 0, 48.60 ms/it, loss 0.451272, accuracy 79.006 %
Finished training it 125952/306969 of epoch 0, 50.03 ms/it, loss 0.453633, accuracy 78.904 %
Finished training it 126976/306969 of epoch 0, 49.32 ms/it, loss 0.454537, accuracy 78.776 %
Finished training it 128000/306969 of epoch 0, 49.13 ms/it, loss 0.451067, accuracy 79.106 %
Finished training it 129024/306969 of epoch 0, 48.50 ms/it, loss 0.452518, accuracy 78.982 %
Finished training it 130048/306969 of epoch 0, 49.23 ms/it, loss 0.454677, accuracy 78.799 %
Finished training it 131072/306969 of epoch 0, 48.48 ms/it, loss 0.453281, accuracy 78.896 %
Finished training it 132096/306969 of epoch 0, 49.72 ms/it, loss 0.453202, accuracy 78.879 %
Finished training it 133120/306969 of epoch 0, 49.78 ms/it, loss 0.450624, accuracy 79.111 %
Finished training it 134144/306969 of epoch 0, 48.82 ms/it, loss 0.451160, accuracy 78.952 %
Finished training it 135168/306969 of epoch 0, 48.91 ms/it, loss 0.449205, accuracy 79.103 %
Finished training it 136192/306969 of epoch 0, 48.39 ms/it, loss 0.452278, accuracy 79.068 %
Finished training it 137216/306969 of epoch 0, 49.33 ms/it, loss 0.451836, accuracy 79.067 %
Finished training it 138240/306969 of epoch 0, 49.46 ms/it, loss 0.452848, accuracy 78.963 %
Finished training it 139264/306969 of epoch 0, 49.51 ms/it, loss 0.452323, accuracy 78.900 %
Finished training it 140288/306969 of epoch 0, 49.52 ms/it, loss 0.448211, accuracy 79.135 %
Finished training it 141312/306969 of epoch 0, 48.61 ms/it, loss 0.451744, accuracy 78.911 %
Finished training it 142336/306969 of epoch 0, 49.02 ms/it, loss 0.448719, accuracy 79.218 %
Finished training it 143360/306969 of epoch 0, 48.79 ms/it, loss 0.450706, accuracy 79.104 %
Finished training it 144384/306969 of epoch 0, 49.61 ms/it, loss 0.450971, accuracy 78.957 %
Finished training it 145408/306969 of epoch 0, 49.22 ms/it, loss 0.453336, accuracy 78.809 %
Finished training it 146432/306969 of epoch 0, 49.83 ms/it, loss 0.449162, accuracy 79.157 %
Finished training it 147456/306969 of epoch 0, 49.03 ms/it, loss 0.449951, accuracy 79.006 %
Finished training it 148480/306969 of epoch 0, 49.28 ms/it, loss 0.448625, accuracy 79.080 %
Finished training it 149504/306969 of epoch 0, 49.56 ms/it, loss 0.449548, accuracy 79.166 %
Finished training it 150528/306969 of epoch 0, 48.29 ms/it, loss 0.450881, accuracy 79.080 %
Finished training it 151552/306969 of epoch 0, 48.80 ms/it, loss 0.447609, accuracy 79.359 %
Finished training it 152576/306969 of epoch 0, 49.94 ms/it, loss 0.448596, accuracy 79.202 %
Finished training it 153600/306969 of epoch 0, 48.93 ms/it, loss 0.450658, accuracy 78.963 %
Finished training it 154624/306969 of epoch 0, 48.86 ms/it, loss 0.449741, accuracy 79.098 %
Finished training it 155648/306969 of epoch 0, 48.76 ms/it, loss 0.449724, accuracy 79.038 %
Finished training it 156672/306969 of epoch 0, 49.48 ms/it, loss 0.449832, accuracy 79.050 %
Finished training it 157696/306969 of epoch 0, 48.57 ms/it, loss 0.447774, accuracy 79.319 %
Finished training it 158720/306969 of epoch 0, 49.67 ms/it, loss 0.450836, accuracy 79.063 %
Finished training it 159744/306969 of epoch 0, 49.42 ms/it, loss 0.450198, accuracy 79.131 %
Finished training it 160768/306969 of epoch 0, 48.79 ms/it, loss 0.450695, accuracy 79.146 %
Finished training it 161792/306969 of epoch 0, 48.91 ms/it, loss 0.451744, accuracy 78.980 %
Finished training it 162816/306969 of epoch 0, 48.87 ms/it, loss 0.452243, accuracy 78.973 %
Finished training it 163840/306969 of epoch 0, 49.39 ms/it, loss 0.451574, accuracy 79.035 %
Finished training it 164864/306969 of epoch 0, 48.68 ms/it, loss 0.450576, accuracy 79.092 %
Finished training it 165888/306969 of epoch 0, 49.24 ms/it, loss 0.450997, accuracy 79.147 %
Finished training it 166912/306969 of epoch 0, 49.31 ms/it, loss 0.451586, accuracy 78.993 %
Finished training it 167936/306969 of epoch 0, 49.78 ms/it, loss 0.452260, accuracy 78.934 %
Finished training it 168960/306969 of epoch 0, 48.60 ms/it, loss 0.448848, accuracy 79.050 %
Finished training it 169984/306969 of epoch 0, 48.72 ms/it, loss 0.450665, accuracy 79.023 %
Finished training it 171008/306969 of epoch 0, 49.20 ms/it, loss 0.447096, accuracy 79.332 %
Finished training it 172032/306969 of epoch 0, 48.54 ms/it, loss 0.449127, accuracy 79.195 %
Finished training it 173056/306969 of epoch 0, 49.06 ms/it, loss 0.451811, accuracy 78.941 %
Finished training it 174080/306969 of epoch 0, 48.53 ms/it, loss 0.449844, accuracy 79.156 %
Finished training it 175104/306969 of epoch 0, 48.95 ms/it, loss 0.449617, accuracy 79.212 %
Finished training it 176128/306969 of epoch 0, 49.33 ms/it, loss 0.449177, accuracy 79.218 %
Finished training it 177152/306969 of epoch 0, 49.08 ms/it, loss 0.446433, accuracy 79.333 %
Finished training it 178176/306969 of epoch 0, 48.88 ms/it, loss 0.448417, accuracy 79.236 %
Finished training it 179200/306969 of epoch 0, 49.45 ms/it, loss 0.449199, accuracy 79.124 %
Finished training it 180224/306969 of epoch 0, 48.70 ms/it, loss 0.450596, accuracy 79.010 %
Finished training it 181248/306969 of epoch 0, 48.73 ms/it, loss 0.451515, accuracy 78.986 %
Finished training it 182272/306969 of epoch 0, 49.23 ms/it, loss 0.451526, accuracy 78.966 %
Finished training it 183296/306969 of epoch 0, 48.43 ms/it, loss 0.449760, accuracy 79.140 %
Finished training it 184320/306969 of epoch 0, 49.41 ms/it, loss 0.450593, accuracy 79.013 %
Finished training it 185344/306969 of epoch 0, 49.62 ms/it, loss 0.451718, accuracy 78.933 %
Finished training it 186368/306969 of epoch 0, 49.36 ms/it, loss 0.449325, accuracy 79.062 %
Finished training it 187392/306969 of epoch 0, 48.81 ms/it, loss 0.450453, accuracy 79.109 %
Finished training it 188416/306969 of epoch 0, 49.94 ms/it, loss 0.447318, accuracy 79.271 %
Finished training it 189440/306969 of epoch 0, 48.99 ms/it, loss 0.453119, accuracy 78.911 %
Finished training it 190464/306969 of epoch 0, 49.56 ms/it, loss 0.450084, accuracy 79.024 %
Finished training it 191488/306969 of epoch 0, 49.48 ms/it, loss 0.448738, accuracy 79.270 %
Finished training it 192512/306969 of epoch 0, 49.75 ms/it, loss 0.446206, accuracy 79.355 %
Finished training it 193536/306969 of epoch 0, 49.50 ms/it, loss 0.449863, accuracy 79.132 %
Finished training it 194560/306969 of epoch 0, 49.65 ms/it, loss 0.449790, accuracy 79.119 %
Finished training it 195584/306969 of epoch 0, 48.15 ms/it, loss 0.452491, accuracy 78.868 %
Finished training it 196608/306969 of epoch 0, 48.51 ms/it, loss 0.449719, accuracy 79.180 %
Finished training it 197632/306969 of epoch 0, 49.32 ms/it, loss 0.449921, accuracy 79.112 %
Finished training it 198656/306969 of epoch 0, 49.75 ms/it, loss 0.448904, accuracy 79.192 %
Finished training it 199680/306969 of epoch 0, 49.30 ms/it, loss 0.451905, accuracy 79.008 %
Finished training it 200704/306969 of epoch 0, 49.11 ms/it, loss 0.449434, accuracy 79.180 %
Finished training it 201728/306969 of epoch 0, 48.98 ms/it, loss 0.450115, accuracy 79.006 %
Finished training it 202752/306969 of epoch 0, 49.21 ms/it, loss 0.448379, accuracy 79.179 %
Finished training it 203776/306969 of epoch 0, 48.50 ms/it, loss 0.448341, accuracy 79.379 %
Finished training it 204800/306969 of epoch 0, 48.95 ms/it, loss 0.447206, accuracy 79.176 %
Finished training it 205824/306969 of epoch 0, 48.42 ms/it, loss 0.449432, accuracy 79.155 %
Finished training it 206848/306969 of epoch 0, 48.51 ms/it, loss 0.447205, accuracy 79.290 %
Finished training it 207872/306969 of epoch 0, 48.54 ms/it, loss 0.448566, accuracy 79.144 %
Finished training it 208896/306969 of epoch 0, 49.20 ms/it, loss 0.449790, accuracy 79.091 %
Finished training it 209920/306969 of epoch 0, 50.02 ms/it, loss 0.447737, accuracy 79.187 %
Finished training it 210944/306969 of epoch 0, 49.35 ms/it, loss 0.448511, accuracy 79.123 %
Finished training it 211968/306969 of epoch 0, 49.03 ms/it, loss 0.447753, accuracy 79.190 %
Finished training it 212992/306969 of epoch 0, 49.44 ms/it, loss 0.447047, accuracy 79.250 %
Finished training it 214016/306969 of epoch 0, 49.30 ms/it, loss 0.448347, accuracy 79.120 %
Finished training it 215040/306969 of epoch 0, 49.02 ms/it, loss 0.447630, accuracy 79.301 %
Finished training it 216064/306969 of epoch 0, 49.21 ms/it, loss 0.447174, accuracy 79.253 %
Finished training it 217088/306969 of epoch 0, 48.92 ms/it, loss 0.448648, accuracy 79.195 %
Finished training it 218112/306969 of epoch 0, 49.84 ms/it, loss 0.448833, accuracy 79.248 %
Finished training it 219136/306969 of epoch 0, 48.79 ms/it, loss 0.448389, accuracy 79.211 %
Finished training it 220160/306969 of epoch 0, 49.24 ms/it, loss 0.447052, accuracy 79.286 %
Finished training it 221184/306969 of epoch 0, 49.14 ms/it, loss 0.445676, accuracy 79.311 %
Finished training it 222208/306969 of epoch 0, 48.80 ms/it, loss 0.449477, accuracy 79.100 %
Finished training it 223232/306969 of epoch 0, 49.30 ms/it, loss 0.449145, accuracy 79.136 %
Finished training it 224256/306969 of epoch 0, 48.61 ms/it, loss 0.449468, accuracy 79.135 %
Finished training it 225280/306969 of epoch 0, 48.84 ms/it, loss 0.450922, accuracy 78.941 %
Finished training it 226304/306969 of epoch 0, 48.32 ms/it, loss 0.446045, accuracy 79.331 %
Finished training it 227328/306969 of epoch 0, 49.42 ms/it, loss 0.450412, accuracy 78.926 %
Finished training it 228352/306969 of epoch 0, 49.34 ms/it, loss 0.449571, accuracy 79.076 %
Finished training it 229376/306969 of epoch 0, 48.45 ms/it, loss 0.448059, accuracy 79.263 %
Finished training it 230400/306969 of epoch 0, 49.96 ms/it, loss 0.447594, accuracy 79.279 %
Finished training it 231424/306969 of epoch 0, 49.54 ms/it, loss 0.447199, accuracy 79.292 %
Finished training it 232448/306969 of epoch 0, 49.05 ms/it, loss 0.448883, accuracy 79.133 %
Finished training it 233472/306969 of epoch 0, 48.83 ms/it, loss 0.450401, accuracy 79.010 %
Finished training it 234496/306969 of epoch 0, 49.14 ms/it, loss 0.448544, accuracy 79.099 %
Finished training it 235520/306969 of epoch 0, 49.15 ms/it, loss 0.449229, accuracy 79.190 %
Finished training it 236544/306969 of epoch 0, 49.08 ms/it, loss 0.451189, accuracy 78.949 %
Finished training it 237568/306969 of epoch 0, 49.09 ms/it, loss 0.447191, accuracy 79.254 %
Finished training it 238592/306969 of epoch 0, 49.70 ms/it, loss 0.448965, accuracy 79.247 %
Finished training it 239616/306969 of epoch 0, 49.32 ms/it, loss 0.451632, accuracy 78.926 %
Finished training it 240640/306969 of epoch 0, 48.95 ms/it, loss 0.448034, accuracy 79.147 %
Finished training it 241664/306969 of epoch 0, 49.30 ms/it, loss 0.446057, accuracy 79.351 %
Finished training it 242688/306969 of epoch 0, 49.13 ms/it, loss 0.448226, accuracy 79.261 %
Finished training it 243712/306969 of epoch 0, 49.34 ms/it, loss 0.448023, accuracy 79.173 %
Finished training it 244736/306969 of epoch 0, 48.65 ms/it, loss 0.448740, accuracy 79.099 %
Finished training it 245760/306969 of epoch 0, 50.10 ms/it, loss 0.447827, accuracy 79.392 %
Finished training it 246784/306969 of epoch 0, 53.19 ms/it, loss 0.446337, accuracy 79.179 %
Finished training it 247808/306969 of epoch 0, 52.33 ms/it, loss 0.446337, accuracy 79.229 %
Finished training it 248832/306969 of epoch 0, 107.18 ms/it, loss 0.447576, accuracy 79.237 %
Finished training it 249856/306969 of epoch 0, 59.05 ms/it, loss 0.449646, accuracy 79.188 %
Finished training it 250880/306969 of epoch 0, 196.58 ms/it, loss 0.448100, accuracy 79.165 %
Finished training it 251904/306969 of epoch 0, 385.36 ms/it, loss 0.448796, accuracy 79.078 %
Finished training it 252928/306969 of epoch 0, 62.36 ms/it, loss 0.446358, accuracy 79.320 %
Finished training it 253952/306969 of epoch 0, 300.14 ms/it, loss 0.446616, accuracy 79.305 %
Finished training it 254976/306969 of epoch 0, 241.51 ms/it, loss 0.447919, accuracy 79.189 %
Finished training it 256000/306969 of epoch 0, 154.10 ms/it, loss 0.449534, accuracy 79.086 %
Finished training it 257024/306969 of epoch 0, 318.36 ms/it, loss 0.447609, accuracy 79.272 %
Finished training it 258048/306969 of epoch 0, 177.18 ms/it, loss 0.446742, accuracy 79.139 %
Finished training it 259072/306969 of epoch 0, 94.19 ms/it, loss 0.445579, accuracy 79.280 %
Finished training it 260096/306969 of epoch 0, 132.74 ms/it, loss 0.446644, accuracy 79.273 %
Finished training it 261120/306969 of epoch 0, 298.42 ms/it, loss 0.448390, accuracy 79.192 %
Finished training it 262144/306969 of epoch 0, 170.91 ms/it, loss 0.447538, accuracy 79.380 %
Finished training it 263168/306969 of epoch 0, 206.13 ms/it, loss 0.449615, accuracy 79.034 %
Finished training it 264192/306969 of epoch 0, 261.75 ms/it, loss 0.449173, accuracy 79.041 %
Finished training it 265216/306969 of epoch 0, 71.73 ms/it, loss 0.446460, accuracy 79.293 %
Finished training it 266240/306969 of epoch 0, 705.54 ms/it, loss 0.446400, accuracy 79.312 %
Finished training it 267264/306969 of epoch 0, 360.83 ms/it, loss 0.448915, accuracy 79.202 %
Finished training it 268288/306969 of epoch 0, 223.40 ms/it, loss 0.448870, accuracy 79.130 %
Finished training it 269312/306969 of epoch 0, 229.90 ms/it, loss 0.445829, accuracy 79.352 %
Finished training it 270336/306969 of epoch 0, 166.56 ms/it, loss 0.448495, accuracy 79.213 %
Finished training it 271360/306969 of epoch 0, 380.03 ms/it, loss 0.444614, accuracy 79.173 %
Finished training it 272384/306969 of epoch 0, 322.20 ms/it, loss 0.447859, accuracy 79.242 %
